<?xml version="1.0" encoding="UTF-8"?>
<!-- Generated by org.testng.reporters.JUnitReportReporter -->
<testsuite hostname="DESKTOP-LLLGMOJ" failures="0" tests="3" name="com.google.testscripts.GoogeTest" time="17.482" errors="0" timestamp="2024-10-27T08:54:41 IST" skipped="0">
  <testcase classname="com.google.testscripts.GoogeTest" name="testGoogleSuggestionCount" time="4.344"/>
  <testcase classname="com.google.testscripts.GoogeTest" name="testGoogleSearchPage" time="4.016"/>
  <testcase classname="com.google.testscripts.GoogeTest" name="testSuggestionSelection" time="9.122"/>
</testsuite> <!-- com.google.testscripts.GoogeTest -->
