<?xml version="1.0" encoding="UTF-8"?>
<!-- Generated by org.testng.reporters.JUnitReportReporter -->
<testsuite hostname="DESKTOP-LLLGMOJ" failures="0" tests="3" name="runner.TestRunner" time="16.421" errors="0" timestamp="2024-11-10T08:16:23 IST" skipped="0">
  <testcase classname="runner.TestRunner" name="runScenario" time="7.908"/>
  <testcase classname="runner.TestRunner" name="runScenario" time="2.226"/>
  <testcase classname="runner.TestRunner" name="runScenario" time="6.287"/>
</testsuite> <!-- runner.TestRunner -->
