<?xml version="1.0" encoding="UTF-8"?>
<!-- Generated by org.testng.reporters.JUnitReportReporter -->
<testsuite hostname="DESKTOP-LLLGMOJ" failures="0" tests="1" name="day8.testngBasic.Example1" time="5.896" errors="0" timestamp="2024-10-20T16:54:25 IST" skipped="0">
  <testcase classname="day8.testngBasic.Example1" name="testGoogle" time="5.896"/>
</testsuite> <!-- day8.testngBasic.Example1 -->
