<?xml version="1.0" encoding="UTF-8"?>
<!-- Generated by org.testng.reporters.JUnitReportReporter -->
<testsuite hostname="DESKTOP-LLLGMOJ" failures="0" tests="1" name="day10.ddt.NewTest" time="3.730" errors="0" timestamp="2024-10-26T07:56:41 IST" skipped="0">
  <testcase classname="day10.ddt.NewTest" name="testActitimeLogin" time="3.730"/>
</testsuite> <!-- day10.ddt.NewTest -->
