<?xml version="1.0" encoding="UTF-8"?>
<!-- Generated by org.testng.reporters.JUnitReportReporter -->
<testsuite hostname="DESKTOP-LLLGMOJ" failures="0" tests="3" name="day8.testngBasic.Sample2" time="0.007" errors="0" timestamp="2024-10-27T07:47:28 IST" skipped="0">
  <testcase classname="day8.testngBasic.Sample2" name="testCase1" time="0.003"/>
  <testcase classname="day8.testngBasic.Sample2" name="testCase3" time="0.001"/>
  <testcase classname="day8.testngBasic.Sample2" name="testCase2" time="0.003"/>
</testsuite> <!-- day8.testngBasic.Sample2 -->
