<?xml version="1.0" encoding="UTF-8"?>
<!-- Generated by org.testng.reporters.JUnitReportReporter -->
<testsuite hostname="DESKTOP-LLLGMOJ" failures="0" tests="1" name="day8.testngBasic.Sample1" time="0.003" errors="0" timestamp="2024-10-27T07:47:28 IST" skipped="0">
  <testcase classname="day8.testngBasic.Sample1" name="testCase1" time="0.003"/>
</testsuite> <!-- day8.testngBasic.Sample1 -->
