<?xml version="1.0" encoding="UTF-8"?>
<!-- Generated by org.testng.reporters.JUnitReportReporter -->
<testsuite hostname="DESKTOP-LLLGMOJ" failures="0" tests="2" name="day11.advancetestng.Parameterization" time="9.466" errors="0" timestamp="2024-10-26T08:10:42 IST" skipped="0">
  <testcase classname="day11.advancetestng.Parameterization" name="testLoginOfVtiger" time="9.454"/>
  <testcase classname="day11.advancetestng.Parameterization" name="testCaseOne" time="0.012"/>
</testsuite> <!-- day11.advancetestng.Parameterization -->
