<?xml version="1.0" encoding="UTF-8"?>
<!-- Generated by org.testng.reporters.JUnitReportReporter -->
<testsuite hostname="DESKTOP-LLLGMOJ" failures="0" tests="3" name="day8.testngBasic.NewTest" time="0.046" errors="0" timestamp="2024-10-20T17:03:51 IST" skipped="0">
  <testcase classname="day8.testngBasic.NewTest" name="testcase1" time="0.018"/>
  <testcase classname="day8.testngBasic.NewTest" name="testcase2" time="0.009"/>
  <testcase classname="day8.testngBasic.NewTest" name="testcase3" time="0.019"/>
</testsuite> <!-- day8.testngBasic.NewTest -->
