<?xml version="1.0" encoding="UTF-8"?>
<!-- Generated by org.testng.reporters.JUnitReportReporter -->
<testsuite hostname="DESKTOP-LLLGMOJ" failures="0" tests="2" name="day11.advancetestng.ParallelExecutionTest" time="35.113" errors="0" timestamp="2024-10-26T08:23:28 IST" skipped="0">
  <testcase classname="day11.advancetestng.ParallelExecutionTest" name="testLoginOfVtiger" time="9.798"/>
  <testcase classname="day11.advancetestng.ParallelExecutionTest" name="testLoginOfVtiger" time="25.315"/>
</testsuite> <!-- day11.advancetestng.ParallelExecutionTest -->
