<?xml version="1.0" encoding="UTF-8"?>
<!-- Generated by org.testng.reporters.JUnitReportReporter -->
<testsuite hostname="DESKTOP-LLLGMOJ" failures="0" tests="3" name="day11.advancetestng.DataProviderExample2" time="15.938" errors="0" timestamp="2024-10-26T08:17:06 IST" skipped="0">
  <testcase classname="day11.advancetestng.DataProviderExample2" name="testGoogleSearch" time="5.644"/>
  <testcase classname="day11.advancetestng.DataProviderExample2" name="testGoogleSearch" time="4.499"/>
  <testcase classname="day11.advancetestng.DataProviderExample2" name="testGoogleSearch" time="5.795"/>
</testsuite> <!-- day11.advancetestng.DataProviderExample2 -->
