<?xml version="1.0" encoding="UTF-8"?>
<!-- Generated by org.testng.reporters.JUnitReportReporter -->
<testsuite hostname="DESKTOP-LLLGMOJ" failures="0" tests="3" name="day8.testngBasic.Sample3" time="0.013" errors="0" timestamp="2024-10-27T07:47:28 IST" skipped="0">
  <testcase classname="day8.testngBasic.Sample3" name="testCase2" time="0.002"/>
  <testcase classname="day8.testngBasic.Sample3" name="testCase3" time="0.002"/>
  <testcase classname="day8.testngBasic.Sample3" name="testCase1" time="0.009"/>
</testsuite> <!-- day8.testngBasic.Sample3 -->
