<?xml version="1.0" encoding="UTF-8"?>
<!-- Generated by org.testng.reporters.JUnitReportReporter -->
<testsuite hostname="DESKTOP-LLLGMOJ" failures="0" tests="3" name="day11.advancetestng.DataProviderExample" time="30.797" errors="0" timestamp="2024-10-26T08:15:06 IST" skipped="0">
  <testcase classname="day11.advancetestng.DataProviderExample" name="testLoginOfVtiger" time="9.527"/>
  <testcase classname="day11.advancetestng.DataProviderExample" name="testLoginOfVtiger" time="9.288"/>
  <testcase classname="day11.advancetestng.DataProviderExample" name="testLoginOfVtiger" time="11.982"/>
</testsuite> <!-- day11.advancetestng.DataProviderExample -->
