<?xml version="1.0" encoding="UTF-8"?>
<!-- Generated by org.testng.reporters.JUnitReportReporter -->
<testsuite hostname="DESKTOP-LLLGMOJ" failures="0" tests="4" name="day11.advancetestng.GroupExamples" time="0.029" errors="0" timestamp="2024-10-26T08:03:29 IST" skipped="0">
  <testcase classname="day11.advancetestng.GroupExamples" name="testCaseFive" time="0.015"/>
  <testcase classname="day11.advancetestng.GroupExamples" name="testCaseOne" time="0.006"/>
  <testcase classname="day11.advancetestng.GroupExamples" name="testCaseThree" time="0.003"/>
  <testcase classname="day11.advancetestng.GroupExamples" name="testCaseFour" time="0.005"/>
</testsuite> <!-- day11.advancetestng.GroupExamples -->
