<?xml version="1.0" encoding="UTF-8"?>
<!-- Generated by org.testng.reporters.JUnitReportReporter -->
<testsuite hostname="DESKTOP-LLLGMOJ" failures="0" tests="1" name="day1.jsonexamples.Example2" time="0.021" errors="0" timestamp="2025-01-24T21:12:36 IST" skipped="0">
  <testcase classname="day1.jsonexamples.Example2" name="stringIntoJSONObject" time="0.021"/>
</testsuite> <!-- day1.jsonexamples.Example2 -->
