<?xml version="1.0" encoding="UTF-8"?>
<!-- Generated by org.testng.reporters.JUnitReportReporter -->
<testsuite hostname="DESKTOP-LLLGMOJ" failures="0" tests="1" name="day2.jsonAndSerializationPojo.Example2" time="3.747" errors="0" timestamp="2025-01-25T19:36:42 IST" skipped="0">
  <testcase classname="day2.jsonAndSerializationPojo.Example2" name="deleteOps" time="3.747"/>
</testsuite> <!-- day2.jsonAndSerializationPojo.Example2 -->
