<?xml version="1.0" encoding="UTF-8"?>
<!-- Generated by org.testng.reporters.JUnitReportReporter -->
<testsuite hostname="DESKTOP-LLLGMOJ" failures="0" tests="1" name="day1.jsonexamples.Example1" time="0.014" errors="0" timestamp="2025-01-24T21:13:24 IST" skipped="0">
  <testcase classname="day1.jsonexamples.Example1" name="testJsonObject" time="0.014"/>
</testsuite> <!-- day1.jsonexamples.Example1 -->
