<?xml version="1.0" encoding="UTF-8"?>
<!-- Generated by org.testng.reporters.JUnitReportReporter -->
<testsuite hostname="DESKTOP-LLLGMOJ" failures="0" tests="1" name="day1.jsonexamples.Example3" time="0.033" errors="0" timestamp="2025-01-25T19:13:56 IST" skipped="0">
  <testcase classname="day1.jsonexamples.Example3" name="readJsonFileData" time="0.033"/>
</testsuite> <!-- day1.jsonexamples.Example3 -->
