<?xml version="1.0" encoding="UTF-8"?>
<!-- Generated by org.testng.reporters.JUnitReportReporter -->
<testsuite hostname="DESKTOP-LLLGMOJ" failures="0" tests="1" name="day2.jsonAndSerializationPojo.Example1" time="4.076" errors="0" timestamp="2025-01-25T19:33:07 IST" skipped="0">
  <testcase classname="day2.jsonAndSerializationPojo.Example1" name="testUserCreation3" time="4.076"/>
</testsuite> <!-- day2.jsonAndSerializationPojo.Example1 -->
