<?xml version="1.0" encoding="UTF-8"?>
<!-- Generated by org.testng.reporters.JUnitReportReporter -->
<testsuite hostname="DESKTOP-LLLGMOJ" failures="0" tests="6" name="api.testcases.TestUserFlowWithDataProviderExcelData" time="10.771" errors="0" timestamp="2024-11-03T20:24:30 IST" skipped="0">
  <testcase classname="api.testcases.TestUserFlowWithDataProviderExcelData" name="testUserCreation" time="1.132"/>
  <testcase classname="api.testcases.TestUserFlowWithDataProviderExcelData" name="testUserCreation" time="5.028"/>
  <testcase classname="api.testcases.TestUserFlowWithDataProviderExcelData" name="testUserCreation" time="1.152"/>
  <testcase classname="api.testcases.TestUserFlowWithDataProviderExcelData" name="testDeleteUser" time="1.231"/>
  <testcase classname="api.testcases.TestUserFlowWithDataProviderExcelData" name="testDeleteUser" time="1.122"/>
  <testcase classname="api.testcases.TestUserFlowWithDataProviderExcelData" name="testDeleteUser" time="1.106"/>
</testsuite> <!-- api.testcases.TestUserFlowWithDataProviderExcelData -->
