<?xml version="1.0" encoding="UTF-8"?>
<!-- Generated by org.testng.reporters.JUnitReportReporter -->
<testsuite hostname="DESKTOP-LLLGMOJ" failures="0" tests="1" name="api.testcases.TestUserFlowWithPojo" time="70.163" errors="0" timestamp="2024-11-03T20:17:45 IST" skipped="0">
  <testcase classname="api.testcases.TestUserFlowWithPojo" name="testUserUpdate2" time="70.163"/>
</testsuite> <!-- api.testcases.TestUserFlowWithPojo -->
