<?xml version="1.0" encoding="UTF-8"?>
<!-- Generated by org.testng.reporters.JUnitReportReporter -->
<testsuite hostname="DESKTOP-LLLGMOJ" failures="0" tests="1" name="api.testcases.FakerClassTest" time="0.583" errors="0" timestamp="2025-02-02T16:33:16 IST" skipped="0">
  <testcase classname="api.testcases.FakerClassTest" name="testFaker" time="0.583"/>
</testsuite> <!-- api.testcases.FakerClassTest -->
