<?xml version="1.0" encoding="UTF-8"?>
<!-- Generated by org.testng.reporters.JUnitReportReporter -->
<testsuite hostname="DESKTOP-LLLGMOJ" failures="0" tests="1" name="api.testcases.GenerateRandomData" time="0.012" errors="0" timestamp="2025-02-02T16:19:33 IST" skipped="0">
  <testcase classname="api.testcases.GenerateRandomData" name="generateRondomString" time="0.012"/>
</testsuite> <!-- api.testcases.GenerateRandomData -->
